<?xml version="1.0" encoding="UTF-8"?>
<!-- Generated by org.testng.reporters.JUnitReportReporter -->
<testsuite hostname="DESKTOP-BMBI0L0" failures="0" tests="1" name="testcases.TC_VideoGame" time="10.720" errors="0" timestamp="2022-09-22T18:51:26 IST" skipped="0">
  <testcase classname="testcases.TC_VideoGame" name="test_DeleteVideoGame" time="10.720"/>
  <system-out/>
</testsuite> <!-- testcases.TC_VideoGame -->
